# JRE version: Java(TM) SE Runtime Environment (8.0_65-b17) (build 1.8.0_65-b17)
# Java VM: Java HotSpot(TM) 64-Bit Server VM (25.65-b01 mixed mode bsd-amd64 compressed oops)
Heap:
 PSYoungGen      total 117248K, used 96687K [0x0000000795580000, 0x000000079db00000, 0x00000007c0000000)
  eden space 105984K, 91% used [0x0000000795580000,0x000000079b3e3f58,0x000000079bd00000)
  from space 11264K, 0% used [0x000000079d000000,0x000000079d008000,0x000000079db00000)
  to   space 15360K, 0% used [0x000000079bd00000,0x000000079bd00000,0x000000079cc00000)
 ParOldGen       total 87552K, used 23182K [0x0000000740000000, 0x0000000745580000, 0x0000000795580000)
  object space 87552K, 26% used [0x0000000740000000,0x00000007416a3868,0x0000000745580000)
 Metaspace       used 19095K, capacity 19303K, committed 19456K, reserved 1067008K
  class space    used 1869K, capacity 1950K, committed 2048K, reserved 1048576K
GC Heap History (10 events):
Event: 100.714 GC heap before
{Heap before GC invocations=8 (full 0):
 PSYoungGen      total 131072K, used 130944K [0x0000000795580000, 0x000000079ef80000, 0x00000007c0000000)
  eden space 128000K, 100% used [0x0000000795580000,0x000000079d280000,0x000000079d280000)
  from space 3072K, 95% used [0x000000079d780000,0x000000079da600b0,0x000000079da80000)
  to   space 14848K, 0% used [0x000000079e100000,0x000000079e100000,0x000000079ef80000)
 ParOldGen       total 87552K, used 20221K [0x0000000740000000, 0x0000000745580000, 0x0000000795580000)
  object space 87552K, 23% used [0x0000000740000000,0x00000007413bf7b8,0x0000000745580000)
 Metaspace       used 19051K, capacity 19267K, committed 19328K, reserved 1067008K
  class space    used 1861K, capacity 1918K, committed 1920K, reserved 1048576K
Event: 100.719 GC heap after
Heap after GC invocations=8 (full 0):
 PSYoungGen      total 134656K, used 96K [0x0000000795580000, 0x000000079ec00000, 0x00000007c0000000)
  eden space 123392K, 0% used [0x0000000795580000,0x0000000795580000,0x000000079ce00000)
  from space 11264K, 0% used [0x000000079e100000,0x000000079e118000,0x000000079ec00000)
  to   space 15360K, 0% used [0x000000079ce00000,0x000000079ce00000,0x000000079dd00000)
 ParOldGen       total 87552K, used 23086K [0x0000000740000000, 0x0000000745580000, 0x0000000795580000)
  object space 87552K, 26% used [0x0000000740000000,0x000000074168b868,0x0000000745580000)
 Metaspace       used 19051K, capacity 19267K, committed 19328K, reserved 1067008K
  class space    used 1861K, capacity 1918K, committed 1920K, reserved 1048576K
}
Event: 132.124 GC heap before
{Heap before GC invocations=9 (full 0):
 PSYoungGen      total 134656K, used 123488K [0x0000000795580000, 0x000000079ec00000, 0x00000007c0000000)
  eden space 123392K, 100% used [0x0000000795580000,0x000000079ce00000,0x000000079ce00000)
  from space 11264K, 0% used [0x000000079e100000,0x000000079e118000,0x000000079ec00000)
  to   space 15360K, 0% used [0x000000079ce00000,0x000000079ce00000,0x000000079dd00000)
 ParOldGen       total 87552K, used 23086K [0x0000000740000000, 0x0000000745580000, 0x0000000795580000)
  object space 87552K, 26% used [0x0000000740000000,0x000000074168b868,0x0000000745580000)
 Metaspace       used 19051K, capacity 19267K, committed 19328K, reserved 1067008K
  class space    used 1861K, capacity 1918K, committed 1920K, reserved 1048576K
Event: 132.126 GC heap after
Heap after GC invocations=9 (full 0):
 PSYoungGen      total 119296K, used 64K [0x0000000795580000, 0x000000079e880000, 0x00000007c0000000)
  eden space 118784K, 0% used [0x0000000795580000,0x0000000795580000,0x000000079c980000)
  from space 512K, 12% used [0x000000079ce00000,0x000000079ce10000,0x000000079ce80000)
  to   space 15872K, 0% used [0x000000079d900000,0x000000079d900000,0x000000079e880000)
 ParOldGen       total 87552K, used 23134K [0x0000000740000000, 0x0000000745580000, 0x0000000795580000)
  object space 87552K, 26% used [0x0000000740000000,0x0000000741697868,0x0000000745580000)
 Metaspace       used 19051K, capacity 19267K, committed 19328K, reserved 1067008K
  class space    used 1861K, capacity 1918K, committed 1920K, reserved 1048576K
}
Event: 164.791 GC heap before
{Heap before GC invocations=10 (full 0):
 PSYoungGen      total 119296K, used 118848K [0x0000000795580000, 0x000000079e880000, 0x00000007c0000000)
  eden space 118784K, 100% used [0x0000000795580000,0x000000079c980000,0x000000079c980000)
  from space 512K, 12% used [0x000000079ce00000,0x000000079ce10000,0x000000079ce80000)
  to   space 15872K, 0% used [0x000000079d900000,0x000000079d900000,0x000000079e880000)
 ParOldGen       total 87552K, used 23134K [0x0000000740000000, 0x0000000745580000, 0x0000000795580000)
  object space 87552K, 26% used [0x0000000740000000,0x0000000741697868,0x0000000745580000)
 Metaspace       used 19053K, capacity 19267K, committed 19328K, reserved 1067008K
  class space    used 1861K, capacity 1918K, committed 1920K, reserved 1048576K
Event: 164.793 GC heap after
Heap after GC invocations=10 (full 0):
 PSYoungGen      total 125440K, used 64K [0x0000000795580000, 0x000000079e400000, 0x00000007c0000000)
  eden space 114176K, 0% used [0x0000000795580000,0x0000000795580000,0x000000079c500000)
  from space 11264K, 0% used [0x000000079d900000,0x000000079d910000,0x000000079e400000)
  to   space 15872K, 0% used [0x000000079c500000,0x000000079c500000,0x000000079d480000)
 ParOldGen       total 87552K, used 23150K [0x0000000740000000, 0x0000000745580000, 0x0000000795580000)
  object space 87552K, 26% used [0x0000000740000000,0x000000074169b868,0x0000000745580000)
 Metaspace       used 19053K, capacity 19267K, committed 19328K, reserved 1067008K
  class space    used 1861K, capacity 1918K, committed 1920K, reserved 1048576K
}
Event: 194.882 GC heap before
{Heap before GC invocations=11 (full 0):
 PSYoungGen      total 125440K, used 114240K [0x0000000795580000, 0x000000079e400000, 0x00000007c0000000)
  eden space 114176K, 100% used [0x0000000795580000,0x000000079c500000,0x000000079c500000)
  from space 11264K, 0% used [0x000000079d900000,0x000000079d910000,0x000000079e400000)
  to   space 15872K, 0% used [0x000000079c500000,0x000000079c500000,0x000000079d480000)
 ParOldGen       total 87552K, used 23150K [0x0000000740000000, 0x0000000745580000, 0x0000000795580000)
  object space 87552K, 26% used [0x0000000740000000,0x000000074169b868,0x0000000745580000)
 Metaspace       used 19053K, capacity 19267K, committed 19328K, reserved 1067008K
  class space    used 1861K, capacity 1918K, committed 1920K, reserved 1048576K
Event: 194.885 GC heap after
Heap after GC invocations=11 (full 0):
 PSYoungGen      total 110592K, used 64K [0x0000000795580000, 0x000000079df00000, 0x00000007c0000000)
  eden space 110080K, 0% used [0x0000000795580000,0x0000000795580000,0x000000079c100000)
  from space 512K, 12% used [0x000000079c500000,0x000000079c510000,0x000000079c580000)
  to   space 15360K, 0% used [0x000000079d000000,0x000000079d000000,0x000000079df00000)
 ParOldGen       total 87552K, used 23182K [0x0000000740000000, 0x0000000745580000, 0x0000000795580000)
  object space 87552K, 26% used [0x0000000740000000,0x00000007416a3868,0x0000000745580000)
 Metaspace       used 19053K, capacity 19267K, committed 19328K, reserved 1067008K
  class space    used 1861K, capacity 1918K, committed 1920K, reserved 1048576K
}
Event: 230.600 GC heap before
{Heap before GC invocations=12 (full 0):
 PSYoungGen      total 110592K, used 110144K [0x0000000795580000, 0x000000079df00000, 0x00000007c0000000)
  eden space 110080K, 100% used [0x0000000795580000,0x000000079c100000,0x000000079c100000)
  from space 512K, 12% used [0x000000079c500000,0x000000079c510000,0x000000079c580000)
  to   space 15360K, 0% used [0x000000079d000000,0x000000079d000000,0x000000079df00000)
 ParOldGen       total 87552K, used 23182K [0x0000000740000000, 0x0000000745580000, 0x0000000795580000)
  object space 87552K, 26% used [0x0000000740000000,0x00000007416a3868,0x0000000745580000)
 Metaspace       used 19053K, capacity 19267K, committed 19328K, reserved 1067008K
  class space    used 1861K, capacity 1918K, committed 1920K, reserved 1048576K
Event: 230.602 GC heap after
Heap after GC invocations=12 (full 0):
 PSYoungGen      total 117248K, used 32K [0x0000000795580000, 0x000000079db00000, 0x00000007c0000000)
  eden space 105984K, 0% used [0x0000000795580000,0x0000000795580000,0x000000079bd00000)
  from space 11264K, 0% used [0x000000079d000000,0x000000079d008000,0x000000079db00000)
  to   space 15360K, 0% used [0x000000079bd00000,0x000000079bd00000,0x000000079cc00000)
 ParOldGen       total 87552K, used 23182K [0x0000000740000000, 0x0000000745580000, 0x0000000795580000)
  object space 87552K, 26% used [0x0000000740000000,0x00000007416a3868,0x0000000745580000)
 Metaspace       used 19053K, capacity 19267K, committed 19328K, reserved 1067008K
  class space    used 1861K, capacity 1918K, committed 1920K, reserved 1048576K
}

